2020-04-28 16:07:43,818 [Worker-0] INFO  o.e.m.c.i.l.LifecycleMappingFactory - Using NULL lifecycle mapping for MavenProject: br.gov.ms.tce.sicap:sicap:1.0-SNAPSHOT @ C:\Users\Ana Silva\Desktop\Fontes TCE\sicap\SICAP\Fontes\pom.xml.
2020-04-28 16:07:47,601 [Worker-0] INFO  o.e.m.c.i.l.LifecycleMappingFactory - Using org.eclipse.m2e.jdt.JarLifecycleMapping lifecycle mapping for MavenProject: br.gov.ms.tce.sicap.schedule:sicap-schedule:1.0-SNAPSHOT @ C:\Users\Ana Silva\Desktop\Fontes TCE\sicap\SICAP\Fontes\sicap-schedule\pom.xml.
2020-04-28 16:07:53,145 [Worker-0] INFO  o.e.m.c.i.l.LifecycleMappingFactory - Using org.eclipse.m2e.jdt.JarLifecycleMapping lifecycle mapping for MavenProject: br.gov.ms.tce.sicap.model:sicap-model:1.0-SNAPSHOT @ C:\Users\Ana Silva\Desktop\Fontes TCE\sicap\SICAP\Fontes\sicap-model\pom.xml.
2020-04-28 16:07:53,876 [Worker-0] INFO  o.e.m.c.i.l.LifecycleMappingFactory - Using org.maven.ide.eclipse.wtp.WarLifecycleMapping lifecycle mapping for MavenProject: br.gov.ms.tce.sicap:sicap-webapp:1.0-SNAPSHOT @ C:\Users\Ana Silva\Desktop\Fontes TCE\sicap\SICAP\Fontes\sicap-webapp\pom.xml.
2020-04-28 16:07:54,511 [Worker-0] INFO  o.e.m.c.i.l.LifecycleMappingFactory - Using org.eclipse.m2e.jdt.JarLifecycleMapping lifecycle mapping for MavenProject: br.gov.ms.tce.sicap.webservice:sicap-web-service:1.0-SNAPSHOT @ C:\Users\Ana Silva\Desktop\Fontes TCE\sicap\SICAP\Fontes\sicap-web-service\pom.xml.
2020-04-28 16:07:55,090 [Worker-0] INFO  o.e.m.c.i.l.LifecycleMappingFactory - Using org.maven.ide.eclipse.wtp.WarLifecycleMapping lifecycle mapping for MavenProject: br.gov.ms.tce.sicap:sicap-webadm:1.0-SNAPSHOT @ C:\Users\Ana Silva\Desktop\Fontes TCE\sicap\SICAP\Fontes\sicap-webadm\pom.xml.
2020-04-28 16:07:56,025 [Worker-0] INFO  o.e.m.c.i.l.LifecycleMappingFactory - Using org.maven.ide.eclipse.wtp.WarLifecycleMapping lifecycle mapping for MavenProject: br.gov.ms.tce.sicap:sicap-api:1.0-SNAPSHOT @ C:\Users\Ana Silva\Desktop\Fontes TCE\sicap\SICAP\Fontes\sicap-api\pom.xml.
2020-04-28 16:07:58,118 [Worker-0] WARN  o.e.m.c.i.embedder.EclipseLogger - The POM for org.apache.tomcat.maven:tomcat8-maven-plugin:jar:2.2 is missing, no dependency information available
2020-04-28 16:07:58,133 [Worker-0] WARN  o.e.m.c.i.embedder.EclipseLogger - Failed to retrieve plugin descriptor for org.apache.tomcat.maven:tomcat8-maven-plugin:2.2: Plugin org.apache.tomcat.maven:tomcat8-maven-plugin:2.2 or one of its dependencies could not be resolved: Failure to find org.apache.tomcat.maven:tomcat8-maven-plugin:jar:2.2 in https://repo.maven.apache.org/maven2 was cached in the local repository, resolution will not be reattempted until the update interval of central has elapsed or updates are forced
2020-04-28 16:07:58,214 [Worker-0] WARN  o.e.m.c.i.embedder.EclipseLogger - The POM for org.apache.tomcat.maven:tomcat8-maven-plugin:jar:2.2 is missing, no dependency information available
2020-04-28 16:07:58,219 [Worker-0] WARN  o.e.m.c.i.embedder.EclipseLogger - Failed to retrieve plugin descriptor for org.apache.tomcat.maven:tomcat8-maven-plugin:2.2: Plugin org.apache.tomcat.maven:tomcat8-maven-plugin:2.2 or one of its dependencies could not be resolved: Failure to find org.apache.tomcat.maven:tomcat8-maven-plugin:jar:2.2 in https://repo.maven.apache.org/maven2 was cached in the local repository, resolution will not be reattempted until the update interval of central has elapsed or updates are forced
2020-04-28 16:08:01,286 [Worker-0] WARN  o.e.m.c.i.embedder.EclipseLogger - The POM for org.apache.tomcat.maven:tomcat8-maven-plugin:jar:2.2 is missing, no dependency information available
2020-04-28 16:08:01,292 [Worker-0] WARN  o.e.m.c.i.embedder.EclipseLogger - Failed to retrieve plugin descriptor for org.apache.tomcat.maven:tomcat8-maven-plugin:2.2: Plugin org.apache.tomcat.maven:tomcat8-maven-plugin:2.2 or one of its dependencies could not be resolved: Failure to find org.apache.tomcat.maven:tomcat8-maven-plugin:jar:2.2 in https://repo.maven.apache.org/maven2 was cached in the local repository, resolution will not be reattempted until the update interval of central has elapsed or updates are forced
2020-04-28 16:08:01,298 [Worker-0] WARN  o.e.m.c.i.embedder.EclipseLogger - The POM for org.apache.tomcat.maven:tomcat8-maven-plugin:jar:2.2 is missing, no dependency information available
2020-04-28 16:08:01,303 [Worker-0] WARN  o.e.m.c.i.embedder.EclipseLogger - Failed to retrieve plugin descriptor for org.apache.tomcat.maven:tomcat8-maven-plugin:2.2: Plugin org.apache.tomcat.maven:tomcat8-maven-plugin:2.2 or one of its dependencies could not be resolved: Failure to find org.apache.tomcat.maven:tomcat8-maven-plugin:jar:2.2 in https://repo.maven.apache.org/maven2 was cached in the local repository, resolution will not be reattempted until the update interval of central has elapsed or updates are forced
2020-04-28 16:08:03,891 [Worker-0] WARN  o.e.m.c.i.embedder.EclipseLogger - The POM for org.apache.tomcat.maven:tomcat8-maven-plugin:jar:2.2 is missing, no dependency information available
2020-04-28 16:08:03,896 [Worker-0] WARN  o.e.m.c.i.embedder.EclipseLogger - Failed to retrieve plugin descriptor for org.apache.tomcat.maven:tomcat8-maven-plugin:2.2: Plugin org.apache.tomcat.maven:tomcat8-maven-plugin:2.2 or one of its dependencies could not be resolved: Failure to find org.apache.tomcat.maven:tomcat8-maven-plugin:jar:2.2 in https://repo.maven.apache.org/maven2 was cached in the local repository, resolution will not be reattempted until the update interval of central has elapsed or updates are forced
2020-04-28 16:08:03,903 [Worker-0] WARN  o.e.m.c.i.embedder.EclipseLogger - The POM for org.apache.tomcat.maven:tomcat8-maven-plugin:jar:2.2 is missing, no dependency information available
2020-04-28 16:08:03,909 [Worker-0] WARN  o.e.m.c.i.embedder.EclipseLogger - Failed to retrieve plugin descriptor for org.apache.tomcat.maven:tomcat8-maven-plugin:2.2: Plugin org.apache.tomcat.maven:tomcat8-maven-plugin:2.2 or one of its dependencies could not be resolved: Failure to find org.apache.tomcat.maven:tomcat8-maven-plugin:jar:2.2 in https://repo.maven.apache.org/maven2 was cached in the local repository, resolution will not be reattempted until the update interval of central has elapsed or updates are forced
2020-04-28 16:08:09,935 [Worker-0] INFO  o.e.m.j.i.AbstractJavaProjectConfigurator - Adding source folder /sicap-model/src/main/java
2020-04-28 16:08:09,936 [Worker-0] INFO  o.e.m.j.i.AbstractJavaProjectConfigurator - Adding source folder /sicap-model/src/test/java
2020-04-28 16:08:11,185 [Worker-0] INFO  o.e.m.j.i.AbstractJavaProjectConfigurator - Adding source folder /sicap-web-service/src/main/java
2020-04-28 16:08:11,186 [Worker-0] INFO  o.e.m.j.i.AbstractJavaProjectConfigurator - Adding source folder /sicap-web-service/src/test/java
2020-04-28 16:08:12,447 [Worker-0] INFO  o.e.m.j.i.AbstractJavaProjectConfigurator - Adding source folder /sicap-webadm/src/main/java
2020-04-28 16:08:12,448 [Worker-0] INFO  o.e.m.j.i.AbstractJavaProjectConfigurator - Adding resource folder /sicap-webadm/src/main/resources
2020-04-28 16:08:12,449 [Worker-0] INFO  o.e.m.j.i.AbstractJavaProjectConfigurator - Adding source folder /sicap-webadm/src/test/java
2020-04-28 16:08:13,556 [Worker-0] WARN  o.e.m.c.i.embedder.EclipseLogger - The POM for org.apache.tomcat.maven:tomcat8-maven-plugin:jar:2.2 is missing, no dependency information available
2020-04-28 16:08:13,561 [Worker-0] WARN  o.e.m.c.i.embedder.EclipseLogger - Failed to retrieve plugin descriptor for org.apache.tomcat.maven:tomcat8-maven-plugin:2.2: Plugin org.apache.tomcat.maven:tomcat8-maven-plugin:2.2 or one of its dependencies could not be resolved: Failure to find org.apache.tomcat.maven:tomcat8-maven-plugin:jar:2.2 in https://repo.maven.apache.org/maven2 was cached in the local repository, resolution will not be reattempted until the update interval of central has elapsed or updates are forced
2020-04-28 16:08:13,567 [Worker-0] WARN  o.e.m.c.i.embedder.EclipseLogger - The POM for org.apache.tomcat.maven:tomcat8-maven-plugin:jar:2.2 is missing, no dependency information available
2020-04-28 16:08:13,574 [Worker-0] WARN  o.e.m.c.i.embedder.EclipseLogger - Failed to retrieve plugin descriptor for org.apache.tomcat.maven:tomcat8-maven-plugin:2.2: Plugin org.apache.tomcat.maven:tomcat8-maven-plugin:2.2 or one of its dependencies could not be resolved: Failure to find org.apache.tomcat.maven:tomcat8-maven-plugin:jar:2.2 in https://repo.maven.apache.org/maven2 was cached in the local repository, resolution will not be reattempted until the update interval of central has elapsed or updates are forced
2020-04-28 16:08:15,278 [Worker-0] INFO  o.e.m.j.i.AbstractJavaProjectConfigurator - Adding source folder /sicap-webapp/src/main/java
2020-04-28 16:08:15,278 [Worker-0] INFO  o.e.m.j.i.AbstractJavaProjectConfigurator - Adding resource folder /sicap-webapp/src/main/resources
2020-04-28 16:08:15,279 [Worker-0] INFO  o.e.m.j.i.AbstractJavaProjectConfigurator - Adding source folder /sicap-webapp/src/test/java
2020-04-28 16:08:15,913 [Worker-0] WARN  o.e.m.c.i.embedder.EclipseLogger - The POM for org.apache.tomcat.maven:tomcat8-maven-plugin:jar:2.2 is missing, no dependency information available
2020-04-28 16:08:15,918 [Worker-0] WARN  o.e.m.c.i.embedder.EclipseLogger - Failed to retrieve plugin descriptor for org.apache.tomcat.maven:tomcat8-maven-plugin:2.2: Plugin org.apache.tomcat.maven:tomcat8-maven-plugin:2.2 or one of its dependencies could not be resolved: Failure to find org.apache.tomcat.maven:tomcat8-maven-plugin:jar:2.2 in https://repo.maven.apache.org/maven2 was cached in the local repository, resolution will not be reattempted until the update interval of central has elapsed or updates are forced
2020-04-28 16:08:15,924 [Worker-0] WARN  o.e.m.c.i.embedder.EclipseLogger - The POM for org.apache.tomcat.maven:tomcat8-maven-plugin:jar:2.2 is missing, no dependency information available
2020-04-28 16:08:15,929 [Worker-0] WARN  o.e.m.c.i.embedder.EclipseLogger - Failed to retrieve plugin descriptor for org.apache.tomcat.maven:tomcat8-maven-plugin:2.2: Plugin org.apache.tomcat.maven:tomcat8-maven-plugin:2.2 or one of its dependencies could not be resolved: Failure to find org.apache.tomcat.maven:tomcat8-maven-plugin:jar:2.2 in https://repo.maven.apache.org/maven2 was cached in the local repository, resolution will not be reattempted until the update interval of central has elapsed or updates are forced
2020-04-28 16:08:17,408 [Worker-0] INFO  o.e.m.j.i.AbstractJavaProjectConfigurator - Adding source folder /sicap-schedule/src/main/java
2020-04-28 16:08:17,408 [Worker-0] INFO  o.e.m.j.i.AbstractJavaProjectConfigurator - Adding resource folder /sicap-schedule/src/main/resources
2020-04-28 16:08:17,411 [Worker-0] INFO  o.e.m.j.i.AbstractJavaProjectConfigurator - Adding source folder /sicap-schedule/src/test/java
2020-04-28 16:08:17,968 [Worker-0] INFO  o.e.m.j.i.AbstractJavaProjectConfigurator - Adding source folder /sicap-api/src/main/java
2020-04-28 16:08:17,969 [Worker-0] INFO  o.e.m.j.i.AbstractJavaProjectConfigurator - Adding resource folder /sicap-api/src/main/resources
2020-04-28 16:08:17,970 [Worker-0] INFO  o.e.m.j.i.AbstractJavaProjectConfigurator - Adding source folder /sicap-api/src/test/java
2020-04-28 16:08:18,749 [Worker-0] WARN  o.e.m.c.i.embedder.EclipseLogger - The POM for org.apache.tomcat.maven:tomcat8-maven-plugin:jar:2.2 is missing, no dependency information available
2020-04-28 16:08:18,758 [Worker-0] WARN  o.e.m.c.i.embedder.EclipseLogger - Failed to retrieve plugin descriptor for org.apache.tomcat.maven:tomcat8-maven-plugin:2.2: Plugin org.apache.tomcat.maven:tomcat8-maven-plugin:2.2 or one of its dependencies could not be resolved: Failure to find org.apache.tomcat.maven:tomcat8-maven-plugin:jar:2.2 in https://repo.maven.apache.org/maven2 was cached in the local repository, resolution will not be reattempted until the update interval of central has elapsed or updates are forced
2020-04-28 16:08:18,766 [Worker-0] WARN  o.e.m.c.i.embedder.EclipseLogger - The POM for org.apache.tomcat.maven:tomcat8-maven-plugin:jar:2.2 is missing, no dependency information available
2020-04-28 16:08:18,772 [Worker-0] WARN  o.e.m.c.i.embedder.EclipseLogger - Failed to retrieve plugin descriptor for org.apache.tomcat.maven:tomcat8-maven-plugin:2.2: Plugin org.apache.tomcat.maven:tomcat8-maven-plugin:2.2 or one of its dependencies could not be resolved: Failure to find org.apache.tomcat.maven:tomcat8-maven-plugin:jar:2.2 in https://repo.maven.apache.org/maven2 was cached in the local repository, resolution will not be reattempted until the update interval of central has elapsed or updates are forced
2020-04-28 16:08:20,173 [Worker-0] INFO  o.e.m.c.i.p.ProjectConfigurationManager - Imported and configured 7 project(s) in 41 sec
2020-04-28 16:08:49,089 [Worker-13] INFO  o.e.m.c.i.embedder.EclipseLogger - Using 'UTF-8' encoding to copy filtered resources.
2020-04-28 16:08:49,089 [Worker-13] INFO  o.e.m.c.i.embedder.EclipseLogger - skip non existing resourceDirectory C:\Users\Ana Silva\Desktop\Fontes TCE\sicap\SICAP\Fontes\sicap-model\src\main\resources
2020-04-28 16:08:49,092 [Worker-13] INFO  o.e.m.c.i.embedder.EclipseLogger - Using 'UTF-8' encoding to copy filtered resources.
2020-04-28 16:08:49,093 [Worker-13] INFO  o.e.m.c.i.embedder.EclipseLogger - skip non existing resourceDirectory C:\Users\Ana Silva\Desktop\Fontes TCE\sicap\SICAP\Fontes\sicap-model\src\test\resources
2020-04-28 16:08:52,372 [Worker-18] INFO  o.e.m.c.i.embedder.EclipseLogger - Using 'UTF-8' encoding to copy filtered resources.
2020-04-28 16:08:52,372 [Worker-18] INFO  o.e.m.c.i.embedder.EclipseLogger - skip non existing resourceDirectory C:\Users\Ana Silva\Desktop\Fontes TCE\sicap\SICAP\Fontes\sicap-web-service\src\main\resources
2020-04-28 16:08:52,374 [Worker-18] INFO  o.e.m.c.i.embedder.EclipseLogger - Using 'UTF-8' encoding to copy filtered resources.
2020-04-28 16:08:52,375 [Worker-18] INFO  o.e.m.c.i.embedder.EclipseLogger - skip non existing resourceDirectory C:\Users\Ana Silva\Desktop\Fontes TCE\sicap\SICAP\Fontes\sicap-web-service\src\test\resources
2020-04-28 16:08:56,287 [Worker-13] INFO  o.e.m.c.i.embedder.EclipseLogger - Using 'UTF-8' encoding to copy filtered resources.
2020-04-28 16:08:56,310 [Worker-13] INFO  o.e.m.c.i.embedder.EclipseLogger - Copying 170 resources
2020-04-28 16:08:56,677 [Worker-13] INFO  o.e.m.c.i.embedder.EclipseLogger - Using 'UTF-8' encoding to copy filtered resources.
2020-04-28 16:08:56,678 [Worker-13] INFO  o.e.m.c.i.embedder.EclipseLogger - skip non existing resourceDirectory C:\Users\Ana Silva\Desktop\Fontes TCE\sicap\SICAP\Fontes\sicap-schedule\src\test\resources
2020-04-28 16:08:59,081 [Worker-8] INFO  o.e.m.c.i.embedder.EclipseLogger - Using 'UTF-8' encoding to copy filtered resources.
2020-04-28 16:08:59,082 [Worker-8] INFO  o.e.m.c.i.embedder.EclipseLogger - Copying 4 resources
2020-04-28 16:08:59,094 [Worker-8] INFO  o.e.m.c.i.embedder.EclipseLogger - Using 'UTF-8' encoding to copy filtered resources.
2020-04-28 16:08:59,094 [Worker-8] INFO  o.e.m.c.i.embedder.EclipseLogger - skip non existing resourceDirectory C:\Users\Ana Silva\Desktop\Fontes TCE\sicap\SICAP\Fontes\sicap-api\src\test\resources
2020-04-28 16:09:02,030 [Worker-18] INFO  o.e.m.c.i.embedder.EclipseLogger - Using 'UTF-8' encoding to copy filtered resources.
2020-04-28 16:09:02,030 [Worker-18] INFO  o.e.m.c.i.embedder.EclipseLogger - Copying 4 resources
2020-04-28 16:09:02,042 [Worker-18] INFO  o.e.m.c.i.embedder.EclipseLogger - Using 'UTF-8' encoding to copy filtered resources.
2020-04-28 16:09:02,042 [Worker-18] INFO  o.e.m.c.i.embedder.EclipseLogger - skip non existing resourceDirectory C:\Users\Ana Silva\Desktop\Fontes TCE\sicap\SICAP\Fontes\sicap-webadm\src\test\resources
2020-04-28 16:09:04,415 [Worker-19] INFO  o.e.m.c.i.embedder.EclipseLogger - Using 'UTF-8' encoding to copy filtered resources.
2020-04-28 16:09:04,415 [Worker-19] INFO  o.e.m.c.i.embedder.EclipseLogger - Copying 4 resources
2020-04-28 16:09:04,431 [Worker-19] INFO  o.e.m.c.i.embedder.EclipseLogger - Using 'UTF-8' encoding to copy filtered resources.
2020-04-28 16:09:04,432 [Worker-19] INFO  o.e.m.c.i.embedder.EclipseLogger - skip non existing resourceDirectory C:\Users\Ana Silva\Desktop\Fontes TCE\sicap\SICAP\Fontes\sicap-webapp\src\test\resources
2020-04-28 16:12:04,491 [Worker-7] INFO  o.e.m.c.i.embedder.EclipseLogger - Using 'UTF-8' encoding to copy filtered resources.
2020-04-28 16:12:04,491 [Worker-7] INFO  o.e.m.c.i.embedder.EclipseLogger - skip non existing resourceDirectory C:\Users\Ana Silva\Desktop\Fontes TCE\sicap\SICAP\Fontes\sicap-model\src\main\resources
2020-04-28 16:12:04,492 [Worker-7] INFO  o.e.m.c.i.embedder.EclipseLogger - Using 'UTF-8' encoding to copy filtered resources.
2020-04-28 16:12:04,493 [Worker-7] INFO  o.e.m.c.i.embedder.EclipseLogger - skip non existing resourceDirectory C:\Users\Ana Silva\Desktop\Fontes TCE\sicap\SICAP\Fontes\sicap-model\src\test\resources
2020-04-28 16:12:06,809 [Worker-7] INFO  o.e.m.c.i.embedder.EclipseLogger - Using 'UTF-8' encoding to copy filtered resources.
2020-04-28 16:12:06,810 [Worker-7] INFO  o.e.m.c.i.embedder.EclipseLogger - skip non existing resourceDirectory C:\Users\Ana Silva\Desktop\Fontes TCE\sicap\SICAP\Fontes\sicap-web-service\src\main\resources
2020-04-28 16:12:06,814 [Worker-7] INFO  o.e.m.c.i.embedder.EclipseLogger - Using 'UTF-8' encoding to copy filtered resources.
2020-04-28 16:12:06,814 [Worker-7] INFO  o.e.m.c.i.embedder.EclipseLogger - skip non existing resourceDirectory C:\Users\Ana Silva\Desktop\Fontes TCE\sicap\SICAP\Fontes\sicap-web-service\src\test\resources
2020-04-28 16:12:09,537 [Worker-7] INFO  o.e.m.c.i.embedder.EclipseLogger - Using 'UTF-8' encoding to copy filtered resources.
2020-04-28 16:12:09,540 [Worker-7] INFO  o.e.m.c.i.embedder.EclipseLogger - Copying 0 resource
2020-04-28 16:12:09,541 [Worker-7] INFO  o.e.m.c.i.embedder.EclipseLogger - Using 'UTF-8' encoding to copy filtered resources.
2020-04-28 16:12:09,542 [Worker-7] INFO  o.e.m.c.i.embedder.EclipseLogger - skip non existing resourceDirectory C:\Users\Ana Silva\Desktop\Fontes TCE\sicap\SICAP\Fontes\sicap-schedule\src\test\resources
2020-04-28 16:12:11,208 [Worker-7] INFO  o.e.m.c.i.embedder.EclipseLogger - Using 'UTF-8' encoding to copy filtered resources.
2020-04-28 16:12:11,208 [Worker-7] INFO  o.e.m.c.i.embedder.EclipseLogger - Copying 0 resource
2020-04-28 16:12:11,211 [Worker-7] INFO  o.e.m.c.i.embedder.EclipseLogger - Using 'UTF-8' encoding to copy filtered resources.
2020-04-28 16:12:11,211 [Worker-7] INFO  o.e.m.c.i.embedder.EclipseLogger - skip non existing resourceDirectory C:\Users\Ana Silva\Desktop\Fontes TCE\sicap\SICAP\Fontes\sicap-api\src\test\resources
2020-04-28 16:12:12,797 [Worker-7] INFO  o.e.m.c.i.embedder.EclipseLogger - Using 'UTF-8' encoding to copy filtered resources.
2020-04-28 16:12:12,798 [Worker-7] INFO  o.e.m.c.i.embedder.EclipseLogger - Copying 0 resource
2020-04-28 16:12:12,799 [Worker-7] INFO  o.e.m.c.i.embedder.EclipseLogger - Using 'UTF-8' encoding to copy filtered resources.
2020-04-28 16:12:12,799 [Worker-7] INFO  o.e.m.c.i.embedder.EclipseLogger - skip non existing resourceDirectory C:\Users\Ana Silva\Desktop\Fontes TCE\sicap\SICAP\Fontes\sicap-webadm\src\test\resources
2020-04-28 16:12:14,513 [Worker-7] INFO  o.e.m.c.i.embedder.EclipseLogger - Using 'UTF-8' encoding to copy filtered resources.
2020-04-28 16:12:14,514 [Worker-7] INFO  o.e.m.c.i.embedder.EclipseLogger - Copying 0 resource
2020-04-28 16:12:14,515 [Worker-7] INFO  o.e.m.c.i.embedder.EclipseLogger - Using 'UTF-8' encoding to copy filtered resources.
2020-04-28 16:12:14,515 [Worker-7] INFO  o.e.m.c.i.embedder.EclipseLogger - skip non existing resourceDirectory C:\Users\Ana Silva\Desktop\Fontes TCE\sicap\SICAP\Fontes\sicap-webapp\src\test\resources
2020-04-28 16:25:41,124 [Worker-11] INFO  o.e.m.c.i.embedder.EclipseLogger - Using 'UTF-8' encoding to copy filtered resources.
2020-04-28 16:25:41,129 [Worker-11] INFO  o.e.m.c.i.embedder.EclipseLogger - Copying 4 resources
2020-04-28 16:25:41,132 [Worker-11] INFO  o.e.m.c.i.embedder.EclipseLogger - Using 'UTF-8' encoding to copy filtered resources.
2020-04-28 16:25:41,132 [Worker-11] INFO  o.e.m.c.i.embedder.EclipseLogger - skip non existing resourceDirectory C:\Users\Ana Silva\Desktop\Fontes TCE\sicap\SICAP\Fontes\sicap-api\src\test\resources
2020-04-29 10:44:52,727 [Worker-20] INFO  o.e.m.c.i.embedder.EclipseLogger - Using 'UTF-8' encoding to copy filtered resources.
2020-04-29 10:44:52,738 [Worker-20] INFO  o.e.m.c.i.embedder.EclipseLogger - Copying 4 resources
2020-04-29 10:44:52,749 [Worker-20] INFO  o.e.m.c.i.embedder.EclipseLogger - Using 'UTF-8' encoding to copy filtered resources.
2020-04-29 10:44:52,750 [Worker-20] INFO  o.e.m.c.i.embedder.EclipseLogger - skip non existing resourceDirectory C:\Users\Ana Silva\Desktop\Fontes TCE\sicap\SICAP\Fontes\sicap-api\src\test\resources
2020-04-29 10:45:20,804 [Worker-15] INFO  o.e.m.c.i.embedder.EclipseLogger - Using 'UTF-8' encoding to copy filtered resources.
2020-04-29 10:45:20,806 [Worker-15] INFO  o.e.m.c.i.embedder.EclipseLogger - Copying 4 resources
2020-04-29 10:45:20,810 [Worker-15] INFO  o.e.m.c.i.embedder.EclipseLogger - Using 'UTF-8' encoding to copy filtered resources.
2020-04-29 10:45:20,810 [Worker-15] INFO  o.e.m.c.i.embedder.EclipseLogger - skip non existing resourceDirectory C:\Users\Ana Silva\Desktop\Fontes TCE\sicap\SICAP\Fontes\sicap-webadm\src\test\resources
2020-04-29 10:45:22,168 [Worker-15] INFO  o.e.m.c.i.embedder.EclipseLogger - Using 'UTF-8' encoding to copy filtered resources.
2020-04-29 10:45:22,169 [Worker-15] INFO  o.e.m.c.i.embedder.EclipseLogger - Copying 4 resources
2020-04-29 10:45:22,174 [Worker-15] INFO  o.e.m.c.i.embedder.EclipseLogger - Using 'UTF-8' encoding to copy filtered resources.
2020-04-29 10:45:22,175 [Worker-15] INFO  o.e.m.c.i.embedder.EclipseLogger - skip non existing resourceDirectory C:\Users\Ana Silva\Desktop\Fontes TCE\sicap\SICAP\Fontes\sicap-webapp\src\test\resources
2020-04-29 10:59:49,923 [Worker-26] WARN  o.e.r.models.ModelRepository - Failed to download org.eclipse.recommenders:index::zip:0.0.0
org.eclipse.aether.resolution.ArtifactResolutionException: Could not find artifact org.eclipse.recommenders:index:zip:0.0.0-SNAPSHOT in models (http://download.eclipse.org/recommenders/models/mars/)
	at org.eclipse.aether.internal.impl.DefaultArtifactResolver.resolve(DefaultArtifactResolver.java:444) ~[na:na]
	at org.eclipse.aether.internal.impl.DefaultArtifactResolver.resolveArtifacts(DefaultArtifactResolver.java:246) ~[na:na]
	at org.eclipse.aether.internal.impl.DefaultArtifactResolver.resolveArtifact(DefaultArtifactResolver.java:223) ~[na:na]
	at org.eclipse.aether.internal.impl.DefaultRepositorySystem.resolveArtifact(DefaultRepositorySystem.java:294) ~[na:na]
	at org.eclipse.recommenders.models.ModelRepository.resolveInternal(ModelRepository.java:190) [org.eclipse.recommenders.models_2.2.0.v20150609-1848.jar:na]
	at org.eclipse.recommenders.models.ModelRepository.resolve(ModelRepository.java:172) [org.eclipse.recommenders.models_2.2.0.v20150609-1848.jar:na]
	at org.eclipse.recommenders.internal.models.rcp.EclipseModelRepository.resolve(EclipseModelRepository.java:167) [org.eclipse.recommenders.models.rcp_2.2.0.v20150609-1848.jar:na]
	at org.eclipse.recommenders.internal.models.rcp.DownloadModelArchiveJob.run(DownloadModelArchiveJob.java:76) [org.eclipse.recommenders.models.rcp_2.2.0.v20150609-1848.jar:na]
	at org.eclipse.core.internal.jobs.Worker.run(Worker.java:55) [org.eclipse.core.jobs_3.7.0.v20150330-2103.jar:na]
Caused by: org.eclipse.aether.transfer.ArtifactNotFoundException: Could not find artifact org.eclipse.recommenders:index:zip:0.0.0-SNAPSHOT in models (http://download.eclipse.org/recommenders/models/mars/)
	at org.eclipse.aether.connector.basic.ArtifactTransportListener.transferFailed(ArtifactTransportListener.java:39) ~[org.eclipse.aether.connector.basic_1.0.1.v20141111.jar:na]
	at org.eclipse.aether.connector.basic.BasicRepositoryConnector$TaskRunner.run(BasicRepositoryConnector.java:355) ~[org.eclipse.aether.connector.basic_1.0.1.v20141111.jar:na]
	at org.eclipse.aether.util.concurrency.RunnableErrorForwarder$1.run(RunnableErrorForwarder.java:67) ~[na:na]
	at org.eclipse.aether.connector.basic.BasicRepositoryConnector$DirectExecutor.execute(BasicRepositoryConnector.java:581) ~[org.eclipse.aether.connector.basic_1.0.1.v20141111.jar:na]
	at org.eclipse.aether.connector.basic.BasicRepositoryConnector.get(BasicRepositoryConnector.java:249) ~[org.eclipse.aether.connector.basic_1.0.1.v20141111.jar:na]
	at org.eclipse.aether.internal.impl.DefaultArtifactResolver.performDownloads(DefaultArtifactResolver.java:520) ~[na:na]
	at org.eclipse.aether.internal.impl.DefaultArtifactResolver.resolve(DefaultArtifactResolver.java:421) ~[na:na]
	... 8 common frames omitted
2020-04-29 11:51:51,750 [Worker-44] INFO  o.e.m.c.i.embedder.EclipseLogger - Using 'UTF-8' encoding to copy filtered resources.
2020-04-29 11:51:51,761 [Worker-44] INFO  o.e.m.c.i.embedder.EclipseLogger - Copying 4 resources
2020-04-29 11:51:51,764 [Worker-44] INFO  o.e.m.c.i.embedder.EclipseLogger - Using 'UTF-8' encoding to copy filtered resources.
2020-04-29 11:51:51,764 [Worker-44] INFO  o.e.m.c.i.embedder.EclipseLogger - skip non existing resourceDirectory C:\Users\Ana Silva\Desktop\Fontes TCE\sicap\SICAP\Fontes\sicap-api\src\test\resources
2020-04-29 11:52:00,249 [Worker-46] INFO  o.e.m.c.i.embedder.EclipseLogger - Using 'UTF-8' encoding to copy filtered resources.
2020-04-29 11:52:00,250 [Worker-46] INFO  o.e.m.c.i.embedder.EclipseLogger - Copying 4 resources
2020-04-29 11:52:00,252 [Worker-46] INFO  o.e.m.c.i.embedder.EclipseLogger - Using 'UTF-8' encoding to copy filtered resources.
2020-04-29 11:52:00,252 [Worker-46] INFO  o.e.m.c.i.embedder.EclipseLogger - skip non existing resourceDirectory C:\Users\Ana Silva\Desktop\Fontes TCE\sicap\SICAP\Fontes\sicap-api\src\test\resources
2020-04-29 11:53:51,062 [Worker-51] INFO  o.e.m.w.i.f.ResourceFilteringBuildParticipant - Cleaning filtered folder for sicap-api
2020-04-29 11:53:58,656 [Worker-51] INFO  o.e.m.w.i.f.ResourceFilteringBuildParticipant - Cleaning filtered folder for sicap-webadm
2020-04-29 11:54:00,164 [Worker-51] INFO  o.e.m.w.i.f.ResourceFilteringBuildParticipant - Cleaning filtered folder for sicap-webapp
2020-04-29 11:54:07,504 [Worker-44] INFO  o.e.m.c.i.embedder.EclipseLogger - Using 'UTF-8' encoding to copy filtered resources.
2020-04-29 11:54:07,504 [Worker-44] INFO  o.e.m.c.i.embedder.EclipseLogger - skip non existing resourceDirectory C:\Users\Ana Silva\Desktop\Fontes TCE\sicap\SICAP\Fontes\sicap-model\src\main\resources
2020-04-29 11:54:07,507 [Worker-44] INFO  o.e.m.c.i.embedder.EclipseLogger - Using 'UTF-8' encoding to copy filtered resources.
2020-04-29 11:54:07,507 [Worker-44] INFO  o.e.m.c.i.embedder.EclipseLogger - skip non existing resourceDirectory C:\Users\Ana Silva\Desktop\Fontes TCE\sicap\SICAP\Fontes\sicap-model\src\test\resources
2020-04-29 11:54:09,357 [Worker-47] INFO  o.e.m.c.i.embedder.EclipseLogger - Using 'UTF-8' encoding to copy filtered resources.
2020-04-29 11:54:09,358 [Worker-47] INFO  o.e.m.c.i.embedder.EclipseLogger - skip non existing resourceDirectory C:\Users\Ana Silva\Desktop\Fontes TCE\sicap\SICAP\Fontes\sicap-web-service\src\main\resources
2020-04-29 11:54:09,361 [Worker-47] INFO  o.e.m.c.i.embedder.EclipseLogger - Using 'UTF-8' encoding to copy filtered resources.
2020-04-29 11:54:09,361 [Worker-47] INFO  o.e.m.c.i.embedder.EclipseLogger - skip non existing resourceDirectory C:\Users\Ana Silva\Desktop\Fontes TCE\sicap\SICAP\Fontes\sicap-web-service\src\test\resources
2020-04-29 11:54:12,398 [Worker-50] INFO  o.e.m.c.i.embedder.EclipseLogger - Using 'UTF-8' encoding to copy filtered resources.
2020-04-29 11:54:12,404 [Worker-50] INFO  o.e.m.c.i.embedder.EclipseLogger - Copying 170 resources
2020-04-29 11:54:12,826 [Worker-50] INFO  o.e.m.c.i.embedder.EclipseLogger - Using 'UTF-8' encoding to copy filtered resources.
2020-04-29 11:54:12,827 [Worker-50] INFO  o.e.m.c.i.embedder.EclipseLogger - skip non existing resourceDirectory C:\Users\Ana Silva\Desktop\Fontes TCE\sicap\SICAP\Fontes\sicap-schedule\src\test\resources
2020-04-29 11:54:14,422 [Worker-52] INFO  o.e.m.c.i.embedder.EclipseLogger - Using 'UTF-8' encoding to copy filtered resources.
2020-04-29 11:54:14,423 [Worker-52] INFO  o.e.m.c.i.embedder.EclipseLogger - Copying 4 resources
2020-04-29 11:54:14,437 [Worker-52] INFO  o.e.m.c.i.embedder.EclipseLogger - Using 'UTF-8' encoding to copy filtered resources.
2020-04-29 11:54:14,438 [Worker-52] INFO  o.e.m.c.i.embedder.EclipseLogger - skip non existing resourceDirectory C:\Users\Ana Silva\Desktop\Fontes TCE\sicap\SICAP\Fontes\sicap-api\src\test\resources
2020-04-29 11:54:14,438 [Worker-52] INFO  o.e.m.w.i.f.ResourceFilteringBuildParticipant - Changed resources require a complete clean of filtered resources of sicap-api
2020-04-29 11:54:14,439 [Worker-52] INFO  o.e.m.w.i.f.ResourceFilteringBuildParticipant - Executing resource filtering for sicap-api
2020-04-29 11:54:14,483 [Worker-52] WARN  o.e.m.c.i.embedder.EclipseLogger - The POM for org.apache.tomcat.maven:tomcat8-maven-plugin:jar:2.2 is missing, no dependency information available
2020-04-29 11:54:14,488 [Worker-52] WARN  o.e.m.c.i.embedder.EclipseLogger - Failed to retrieve plugin descriptor for org.apache.tomcat.maven:tomcat8-maven-plugin:2.2: Plugin org.apache.tomcat.maven:tomcat8-maven-plugin:2.2 or one of its dependencies could not be resolved: Cannot access central (https://repo.maven.apache.org/maven2) in offline mode and the artifact org.apache.tomcat.maven:tomcat8-maven-plugin:jar:2.2 has not been downloaded from it before.
2020-04-29 11:54:14,515 [Worker-52] WARN  o.e.m.c.i.embedder.EclipseLogger - The POM for org.apache.tomcat.maven:tomcat8-maven-plugin:jar:2.2 is missing, no dependency information available
2020-04-29 11:54:14,517 [Worker-52] WARN  o.e.m.c.i.embedder.EclipseLogger - Failed to retrieve plugin descriptor for org.apache.tomcat.maven:tomcat8-maven-plugin:2.2: Plugin org.apache.tomcat.maven:tomcat8-maven-plugin:2.2 or one of its dependencies could not be resolved: Cannot access central (https://repo.maven.apache.org/maven2) in offline mode and the artifact org.apache.tomcat.maven:tomcat8-maven-plugin:jar:2.2 has not been downloaded from it before.
2020-04-29 11:54:14,524 [Worker-52] INFO  o.e.m.c.i.embedder.EclipseLogger - Using 'UTF-8' encoding to copy filtered resources.
2020-04-29 11:54:17,236 [Worker-52] INFO  o.e.m.c.i.embedder.EclipseLogger - Using 'UTF-8' encoding to copy filtered resources.
2020-04-29 11:54:17,237 [Worker-52] INFO  o.e.m.c.i.embedder.EclipseLogger - Copying 4 resources
2020-04-29 11:54:17,249 [Worker-52] INFO  o.e.m.c.i.embedder.EclipseLogger - Using 'UTF-8' encoding to copy filtered resources.
2020-04-29 11:54:17,250 [Worker-52] INFO  o.e.m.c.i.embedder.EclipseLogger - skip non existing resourceDirectory C:\Users\Ana Silva\Desktop\Fontes TCE\sicap\SICAP\Fontes\sicap-webadm\src\test\resources
2020-04-29 11:54:17,250 [Worker-52] INFO  o.e.m.w.i.f.ResourceFilteringBuildParticipant - Changed resources require a complete clean of filtered resources of sicap-webadm
2020-04-29 11:54:17,250 [Worker-52] INFO  o.e.m.w.i.f.ResourceFilteringBuildParticipant - Executing resource filtering for sicap-webadm
2020-04-29 11:54:17,256 [Worker-52] WARN  o.e.m.c.i.embedder.EclipseLogger - The POM for org.apache.tomcat.maven:tomcat8-maven-plugin:jar:2.2 is missing, no dependency information available
2020-04-29 11:54:17,259 [Worker-52] WARN  o.e.m.c.i.embedder.EclipseLogger - Failed to retrieve plugin descriptor for org.apache.tomcat.maven:tomcat8-maven-plugin:2.2: Plugin org.apache.tomcat.maven:tomcat8-maven-plugin:2.2 or one of its dependencies could not be resolved: Cannot access central (https://repo.maven.apache.org/maven2) in offline mode and the artifact org.apache.tomcat.maven:tomcat8-maven-plugin:jar:2.2 has not been downloaded from it before.
2020-04-29 11:54:17,264 [Worker-52] WARN  o.e.m.c.i.embedder.EclipseLogger - The POM for org.apache.tomcat.maven:tomcat8-maven-plugin:jar:2.2 is missing, no dependency information available
2020-04-29 11:54:17,268 [Worker-52] WARN  o.e.m.c.i.embedder.EclipseLogger - Failed to retrieve plugin descriptor for org.apache.tomcat.maven:tomcat8-maven-plugin:2.2: Plugin org.apache.tomcat.maven:tomcat8-maven-plugin:2.2 or one of its dependencies could not be resolved: Cannot access central (https://repo.maven.apache.org/maven2) in offline mode and the artifact org.apache.tomcat.maven:tomcat8-maven-plugin:jar:2.2 has not been downloaded from it before.
2020-04-29 11:54:17,272 [Worker-52] INFO  o.e.m.c.i.embedder.EclipseLogger - Using 'UTF-8' encoding to copy filtered resources.
2020-04-29 11:54:19,316 [Worker-46] INFO  o.e.m.c.i.embedder.EclipseLogger - Using 'UTF-8' encoding to copy filtered resources.
2020-04-29 11:54:19,317 [Worker-46] INFO  o.e.m.c.i.embedder.EclipseLogger - Copying 4 resources
2020-04-29 11:54:19,332 [Worker-46] INFO  o.e.m.c.i.embedder.EclipseLogger - Using 'UTF-8' encoding to copy filtered resources.
2020-04-29 11:54:19,332 [Worker-46] INFO  o.e.m.c.i.embedder.EclipseLogger - skip non existing resourceDirectory C:\Users\Ana Silva\Desktop\Fontes TCE\sicap\SICAP\Fontes\sicap-webapp\src\test\resources
2020-04-29 11:54:19,333 [Worker-46] INFO  o.e.m.w.i.f.ResourceFilteringBuildParticipant - Changed resources require a complete clean of filtered resources of sicap-webapp
2020-04-29 11:54:19,333 [Worker-46] INFO  o.e.m.w.i.f.ResourceFilteringBuildParticipant - Executing resource filtering for sicap-webapp
2020-04-29 11:54:19,337 [Worker-46] WARN  o.e.m.c.i.embedder.EclipseLogger - The POM for org.apache.tomcat.maven:tomcat8-maven-plugin:jar:2.2 is missing, no dependency information available
2020-04-29 11:54:19,341 [Worker-46] WARN  o.e.m.c.i.embedder.EclipseLogger - Failed to retrieve plugin descriptor for org.apache.tomcat.maven:tomcat8-maven-plugin:2.2: Plugin org.apache.tomcat.maven:tomcat8-maven-plugin:2.2 or one of its dependencies could not be resolved: Cannot access central (https://repo.maven.apache.org/maven2) in offline mode and the artifact org.apache.tomcat.maven:tomcat8-maven-plugin:jar:2.2 has not been downloaded from it before.
2020-04-29 11:54:19,345 [Worker-46] WARN  o.e.m.c.i.embedder.EclipseLogger - The POM for org.apache.tomcat.maven:tomcat8-maven-plugin:jar:2.2 is missing, no dependency information available
2020-04-29 11:54:19,349 [Worker-46] WARN  o.e.m.c.i.embedder.EclipseLogger - Failed to retrieve plugin descriptor for org.apache.tomcat.maven:tomcat8-maven-plugin:2.2: Plugin org.apache.tomcat.maven:tomcat8-maven-plugin:2.2 or one of its dependencies could not be resolved: Cannot access central (https://repo.maven.apache.org/maven2) in offline mode and the artifact org.apache.tomcat.maven:tomcat8-maven-plugin:jar:2.2 has not been downloaded from it before.
2020-04-29 11:54:19,353 [Worker-46] INFO  o.e.m.c.i.embedder.EclipseLogger - Using 'UTF-8' encoding to copy filtered resources.
2020-04-29 11:56:51,351 [Worker-51] INFO  o.e.m.c.i.embedder.EclipseLogger - Using 'UTF-8' encoding to copy filtered resources.
2020-04-29 11:56:51,354 [Worker-51] INFO  o.e.m.c.i.embedder.EclipseLogger - Copying 4 resources
2020-04-29 11:56:51,355 [Worker-51] INFO  o.e.m.c.i.embedder.EclipseLogger - Using 'UTF-8' encoding to copy filtered resources.
2020-04-29 11:56:51,356 [Worker-51] INFO  o.e.m.c.i.embedder.EclipseLogger - skip non existing resourceDirectory C:\Users\Ana Silva\Desktop\Fontes TCE\sicap\SICAP\Fontes\sicap-api\src\test\resources
2020-04-29 12:00:21,608 [Worker-12] INFO  o.e.m.c.i.embedder.EclipseLogger - Using 'UTF-8' encoding to copy filtered resources.
2020-04-29 12:00:21,612 [Worker-12] INFO  o.e.m.c.i.embedder.EclipseLogger - skip non existing resourceDirectory C:\Users\Ana Silva\Desktop\Fontes TCE\sicap\SICAP\Fontes\sicap-model\src\main\resources
2020-04-29 12:00:21,616 [Worker-12] INFO  o.e.m.c.i.embedder.EclipseLogger - Using 'UTF-8' encoding to copy filtered resources.
2020-04-29 12:00:21,616 [Worker-12] INFO  o.e.m.c.i.embedder.EclipseLogger - skip non existing resourceDirectory C:\Users\Ana Silva\Desktop\Fontes TCE\sicap\SICAP\Fontes\sicap-model\src\test\resources
